2016-12-11 17:58:09 Error: [PDOException] SQLSTATE[HY000] [1045] Access denied for user 'u262452335_joe'@'localhost' (using password: YES)
Request URL: /
Stack Trace:
#0 C:\xampp\htdocs\joe-cms\vendor\cakephp\cakephp\src\Database\Driver\PDODriverTrait.php(47): PDO->__construct('mysql:host=loca...', 'u262452335_joe', 'joey123', Array)
#1 C:\xampp\htdocs\joe-cms\vendor\cakephp\cakephp\src\Database\Driver\Mysql.php(104): Cake\Database\Driver\Mysql->_connect('mysql:host=loca...', Array)
#2 C:\xampp\htdocs\joe-cms\vendor\cakephp\cakephp\src\Database\Schema\BaseSchema.php(45): Cake\Database\Driver\Mysql->connect()
#3 C:\xampp\htdocs\joe-cms\vendor\cakephp\cakephp\src\Database\Dialect\MysqlDialectTrait.php(63): Cake\Database\Schema\BaseSchema->__construct(Object(Cake\Database\Driver\Mysql))
#4 C:\xampp\htdocs\joe-cms\vendor\cakephp\cakephp\src\Database\Schema\Collection.php(52): Cake\Database\Driver\Mysql->schemaDialect()
#5 C:\xampp\htdocs\joe-cms\vendor\cakephp\cakephp\src\Database\Schema\CachedCollection.php(42): Cake\Database\Schema\Collection->__construct(Object(Cake\Database\Connection))
#6 C:\xampp\htdocs\joe-cms\vendor\cakephp\cakephp\src\Database\Connection.php(322): Cake\Database\Schema\CachedCollection->__construct(Object(Cake\Database\Connection), true)
#7 C:\xampp\htdocs\joe-cms\vendor\cakephp\cakephp\src\ORM\Table.php(439): Cake\Database\Connection->schemaCollection()
#8 C:\xampp\htdocs\joe-cms\vendor\cakephp\cakephp\src\ORM\Query.php(211): Cake\ORM\Table->schema()
#9 C:\xampp\htdocs\joe-cms\vendor\cakephp\cakephp\src\ORM\Query.php(168): Cake\ORM\Query->addDefaultTypes(Object(Cake\ORM\Table))
#10 C:\xampp\htdocs\joe-cms\vendor\cakephp\cakephp\src\ORM\Table.php(1336): Cake\ORM\Query->__construct(Object(Cake\Database\Connection), Object(Cake\ORM\Table))
#11 C:\xampp\htdocs\joe-cms\vendor\cakephp\cakephp\src\ORM\Table.php(964): Cake\ORM\Table->query()
#12 C:\xampp\htdocs\joe-cms\src\Controller\AppController.php(93): Cake\ORM\Table->find('all')
#13 C:\xampp\htdocs\joe-cms\vendor\cakephp\cakephp\src\Event\EventManager.php(422): App\Controller\AppController->beforeFilter(Object(Cake\Event\Event))
#14 C:\xampp\htdocs\joe-cms\vendor\cakephp\cakephp\src\Event\EventManager.php(391): Cake\Event\EventManager->_callListener(Array, Object(Cake\Event\Event))
#15 C:\xampp\htdocs\joe-cms\vendor\cakephp\cakephp\src\Event\EventDispatcherTrait.php(78): Cake\Event\EventManager->dispatch(Object(Cake\Event\Event))
#16 C:\xampp\htdocs\joe-cms\vendor\cakephp\cakephp\src\Controller\Controller.php(497): Cake\Controller\Controller->dispatchEvent('Controller.init...')
#17 C:\xampp\htdocs\joe-cms\vendor\cakephp\cakephp\src\Http\ActionDispatcher.php(117): Cake\Controller\Controller->startupProcess()
#18 C:\xampp\htdocs\joe-cms\vendor\cakephp\cakephp\src\Http\ActionDispatcher.php(96): Cake\Http\ActionDispatcher->_invoke(Object(App\Controller\PagesController))
#19 C:\xampp\htdocs\joe-cms\vendor\cakephp\cakephp\src\Http\BaseApplication.php(83): Cake\Http\ActionDispatcher->dispatch(Object(Cake\Network\Request), Object(Cake\Network\Response))
#20 C:\xampp\htdocs\joe-cms\vendor\cakephp\cakephp\src\Http\Runner.php(65): Cake\Http\BaseApplication->__invoke(Object(Zend\Diactoros\ServerRequest), Object(Zend\Diactoros\Response), Object(Cake\Http\Runner))
#21 C:\xampp\htdocs\joe-cms\vendor\cakephp\cakephp\src\Routing\Middleware\RoutingMiddleware.php(62): Cake\Http\Runner->__invoke(Object(Zend\Diactoros\ServerRequest), Object(Zend\Diactoros\Response))
#22 C:\xampp\htdocs\joe-cms\vendor\cakephp\cakephp\src\Http\Runner.php(65): Cake\Routing\Middleware\RoutingMiddleware->__invoke(Object(Zend\Diactoros\ServerRequest), Object(Zend\Diactoros\Response), Object(Cake\Http\Runner))
#23 C:\xampp\htdocs\joe-cms\vendor\cakephp\cakephp\src\Routing\Middleware\AssetMiddleware.php(88): Cake\Http\Runner->__invoke(Object(Zend\Diactoros\ServerRequest), Object(Zend\Diactoros\Response))
#24 C:\xampp\htdocs\joe-cms\vendor\cakephp\cakephp\src\Http\Runner.php(65): Cake\Routing\Middleware\AssetMiddleware->__invoke(Object(Zend\Diactoros\ServerRequest), Object(Zend\Diactoros\Response), Object(Cake\Http\Runner))
#25 C:\xampp\htdocs\joe-cms\vendor\cakephp\cakephp\src\Error\Middleware\ErrorHandlerMiddleware.php(81): Cake\Http\Runner->__invoke(Object(Zend\Diactoros\ServerRequest), Object(Zend\Diactoros\Response))
#26 C:\xampp\htdocs\joe-cms\vendor\cakephp\cakephp\src\Http\Runner.php(65): Cake\Error\Middleware\ErrorHandlerMiddleware->__invoke(Object(Zend\Diactoros\ServerRequest), Object(Zend\Diactoros\Response), Object(Cake\Http\Runner))
#27 C:\xampp\htdocs\joe-cms\vendor\cakephp\cakephp\src\Http\Runner.php(51): Cake\Http\Runner->__invoke(Object(Zend\Diactoros\ServerRequest), Object(Zend\Diactoros\Response))
#28 C:\xampp\htdocs\joe-cms\vendor\cakephp\cakephp\src\Http\Server.php(92): Cake\Http\Runner->run(Object(Cake\Http\MiddlewareQueue), Object(Zend\Diactoros\ServerRequest), Object(Zend\Diactoros\Response))
#29 C:\xampp\htdocs\joe-cms\webroot\index.php(37): Cake\Http\Server->run()
#30 {main}


2016-12-11 17:58:32 Error: [PDOException] SQLSTATE[HY000] [1045] Access denied for user 'u262452335_joe'@'localhost' (using password: YES)
Request URL: /
Stack Trace:
#0 C:\xampp\htdocs\joe-cms\vendor\cakephp\cakephp\src\Database\Driver\PDODriverTrait.php(47): PDO->__construct('mysql:host=loca...', 'u262452335_joe', 'joey123', Array)
#1 C:\xampp\htdocs\joe-cms\vendor\cakephp\cakephp\src\Database\Driver\Mysql.php(104): Cake\Database\Driver\Mysql->_connect('mysql:host=loca...', Array)
#2 C:\xampp\htdocs\joe-cms\vendor\cakephp\cakephp\src\Database\Schema\BaseSchema.php(45): Cake\Database\Driver\Mysql->connect()
#3 C:\xampp\htdocs\joe-cms\vendor\cakephp\cakephp\src\Database\Dialect\MysqlDialectTrait.php(63): Cake\Database\Schema\BaseSchema->__construct(Object(Cake\Database\Driver\Mysql))
#4 C:\xampp\htdocs\joe-cms\vendor\cakephp\cakephp\src\Database\Schema\Collection.php(52): Cake\Database\Driver\Mysql->schemaDialect()
#5 C:\xampp\htdocs\joe-cms\vendor\cakephp\cakephp\src\Database\Schema\CachedCollection.php(42): Cake\Database\Schema\Collection->__construct(Object(Cake\Database\Connection))
#6 C:\xampp\htdocs\joe-cms\vendor\cakephp\cakephp\src\Database\Connection.php(322): Cake\Database\Schema\CachedCollection->__construct(Object(Cake\Database\Connection), true)
#7 C:\xampp\htdocs\joe-cms\vendor\cakephp\cakephp\src\ORM\Table.php(439): Cake\Database\Connection->schemaCollection()
#8 C:\xampp\htdocs\joe-cms\vendor\cakephp\cakephp\src\ORM\Query.php(211): Cake\ORM\Table->schema()
#9 C:\xampp\htdocs\joe-cms\vendor\cakephp\cakephp\src\ORM\Query.php(168): Cake\ORM\Query->addDefaultTypes(Object(Cake\ORM\Table))
#10 C:\xampp\htdocs\joe-cms\vendor\cakephp\cakephp\src\ORM\Table.php(1336): Cake\ORM\Query->__construct(Object(Cake\Database\Connection), Object(Cake\ORM\Table))
#11 C:\xampp\htdocs\joe-cms\vendor\cakephp\cakephp\src\ORM\Table.php(964): Cake\ORM\Table->query()
#12 C:\xampp\htdocs\joe-cms\src\Controller\AppController.php(93): Cake\ORM\Table->find('all')
#13 C:\xampp\htdocs\joe-cms\vendor\cakephp\cakephp\src\Event\EventManager.php(422): App\Controller\AppController->beforeFilter(Object(Cake\Event\Event))
#14 C:\xampp\htdocs\joe-cms\vendor\cakephp\cakephp\src\Event\EventManager.php(391): Cake\Event\EventManager->_callListener(Array, Object(Cake\Event\Event))
#15 C:\xampp\htdocs\joe-cms\vendor\cakephp\cakephp\src\Event\EventDispatcherTrait.php(78): Cake\Event\EventManager->dispatch(Object(Cake\Event\Event))
#16 C:\xampp\htdocs\joe-cms\vendor\cakephp\cakephp\src\Controller\Controller.php(497): Cake\Controller\Controller->dispatchEvent('Controller.init...')
#17 C:\xampp\htdocs\joe-cms\vendor\cakephp\cakephp\src\Http\ActionDispatcher.php(117): Cake\Controller\Controller->startupProcess()
#18 C:\xampp\htdocs\joe-cms\vendor\cakephp\cakephp\src\Http\ActionDispatcher.php(96): Cake\Http\ActionDispatcher->_invoke(Object(App\Controller\PagesController))
#19 C:\xampp\htdocs\joe-cms\vendor\cakephp\cakephp\src\Http\BaseApplication.php(83): Cake\Http\ActionDispatcher->dispatch(Object(Cake\Network\Request), Object(Cake\Network\Response))
#20 C:\xampp\htdocs\joe-cms\vendor\cakephp\cakephp\src\Http\Runner.php(65): Cake\Http\BaseApplication->__invoke(Object(Zend\Diactoros\ServerRequest), Object(Zend\Diactoros\Response), Object(Cake\Http\Runner))
#21 C:\xampp\htdocs\joe-cms\vendor\cakephp\cakephp\src\Routing\Middleware\RoutingMiddleware.php(62): Cake\Http\Runner->__invoke(Object(Zend\Diactoros\ServerRequest), Object(Zend\Diactoros\Response))
#22 C:\xampp\htdocs\joe-cms\vendor\cakephp\cakephp\src\Http\Runner.php(65): Cake\Routing\Middleware\RoutingMiddleware->__invoke(Object(Zend\Diactoros\ServerRequest), Object(Zend\Diactoros\Response), Object(Cake\Http\Runner))
#23 C:\xampp\htdocs\joe-cms\vendor\cakephp\cakephp\src\Routing\Middleware\AssetMiddleware.php(88): Cake\Http\Runner->__invoke(Object(Zend\Diactoros\ServerRequest), Object(Zend\Diactoros\Response))
#24 C:\xampp\htdocs\joe-cms\vendor\cakephp\cakephp\src\Http\Runner.php(65): Cake\Routing\Middleware\AssetMiddleware->__invoke(Object(Zend\Diactoros\ServerRequest), Object(Zend\Diactoros\Response), Object(Cake\Http\Runner))
#25 C:\xampp\htdocs\joe-cms\vendor\cakephp\cakephp\src\Error\Middleware\ErrorHandlerMiddleware.php(81): Cake\Http\Runner->__invoke(Object(Zend\Diactoros\ServerRequest), Object(Zend\Diactoros\Response))
#26 C:\xampp\htdocs\joe-cms\vendor\cakephp\cakephp\src\Http\Runner.php(65): Cake\Error\Middleware\ErrorHandlerMiddleware->__invoke(Object(Zend\Diactoros\ServerRequest), Object(Zend\Diactoros\Response), Object(Cake\Http\Runner))
#27 C:\xampp\htdocs\joe-cms\vendor\cakephp\cakephp\src\Http\Runner.php(51): Cake\Http\Runner->__invoke(Object(Zend\Diactoros\ServerRequest), Object(Zend\Diactoros\Response))
#28 C:\xampp\htdocs\joe-cms\vendor\cakephp\cakephp\src\Http\Server.php(92): Cake\Http\Runner->run(Object(Cake\Http\MiddlewareQueue), Object(Zend\Diactoros\ServerRequest), Object(Zend\Diactoros\Response))
#29 C:\xampp\htdocs\joe-cms\webroot\index.php(37): Cake\Http\Server->run()
#30 {main}


2016-12-11 19:41:13 Error: [PDOException] SQLSTATE[HY000] [1045] Access denied for user 'u262452335_joe'@'localhost' (using password: YES)
Request URL: /
Stack Trace:
#0 C:\xampp\htdocs\joe-cms\vendor\cakephp\cakephp\src\Database\Driver\PDODriverTrait.php(47): PDO->__construct('mysql:host=loca...', 'u262452335_joe', 'joey123', Array)
#1 C:\xampp\htdocs\joe-cms\vendor\cakephp\cakephp\src\Database\Driver\Mysql.php(104): Cake\Database\Driver\Mysql->_connect('mysql:host=loca...', Array)
#2 C:\xampp\htdocs\joe-cms\vendor\cakephp\cakephp\src\Database\Schema\BaseSchema.php(45): Cake\Database\Driver\Mysql->connect()
#3 C:\xampp\htdocs\joe-cms\vendor\cakephp\cakephp\src\Database\Dialect\MysqlDialectTrait.php(63): Cake\Database\Schema\BaseSchema->__construct(Object(Cake\Database\Driver\Mysql))
#4 C:\xampp\htdocs\joe-cms\vendor\cakephp\cakephp\src\Database\Schema\Collection.php(52): Cake\Database\Driver\Mysql->schemaDialect()
#5 C:\xampp\htdocs\joe-cms\vendor\cakephp\cakephp\src\Database\Schema\CachedCollection.php(42): Cake\Database\Schema\Collection->__construct(Object(Cake\Database\Connection))
#6 C:\xampp\htdocs\joe-cms\vendor\cakephp\cakephp\src\Database\Connection.php(322): Cake\Database\Schema\CachedCollection->__construct(Object(Cake\Database\Connection), true)
#7 C:\xampp\htdocs\joe-cms\vendor\cakephp\cakephp\src\ORM\Table.php(439): Cake\Database\Connection->schemaCollection()
#8 C:\xampp\htdocs\joe-cms\vendor\cakephp\cakephp\src\ORM\Query.php(211): Cake\ORM\Table->schema()
#9 C:\xampp\htdocs\joe-cms\vendor\cakephp\cakephp\src\ORM\Query.php(168): Cake\ORM\Query->addDefaultTypes(Object(Cake\ORM\Table))
#10 C:\xampp\htdocs\joe-cms\vendor\cakephp\cakephp\src\ORM\Table.php(1336): Cake\ORM\Query->__construct(Object(Cake\Database\Connection), Object(Cake\ORM\Table))
#11 C:\xampp\htdocs\joe-cms\vendor\cakephp\cakephp\src\ORM\Table.php(964): Cake\ORM\Table->query()
#12 C:\xampp\htdocs\joe-cms\src\Controller\AppController.php(93): Cake\ORM\Table->find('all')
#13 C:\xampp\htdocs\joe-cms\vendor\cakephp\cakephp\src\Event\EventManager.php(422): App\Controller\AppController->beforeFilter(Object(Cake\Event\Event))
#14 C:\xampp\htdocs\joe-cms\vendor\cakephp\cakephp\src\Event\EventManager.php(391): Cake\Event\EventManager->_callListener(Array, Object(Cake\Event\Event))
#15 C:\xampp\htdocs\joe-cms\vendor\cakephp\cakephp\src\Event\EventDispatcherTrait.php(78): Cake\Event\EventManager->dispatch(Object(Cake\Event\Event))
#16 C:\xampp\htdocs\joe-cms\vendor\cakephp\cakephp\src\Controller\Controller.php(497): Cake\Controller\Controller->dispatchEvent('Controller.init...')
#17 C:\xampp\htdocs\joe-cms\vendor\cakephp\cakephp\src\Http\ActionDispatcher.php(117): Cake\Controller\Controller->startupProcess()
#18 C:\xampp\htdocs\joe-cms\vendor\cakephp\cakephp\src\Http\ActionDispatcher.php(96): Cake\Http\ActionDispatcher->_invoke(Object(App\Controller\PagesController))
#19 C:\xampp\htdocs\joe-cms\vendor\cakephp\cakephp\src\Http\BaseApplication.php(83): Cake\Http\ActionDispatcher->dispatch(Object(Cake\Network\Request), Object(Cake\Network\Response))
#20 C:\xampp\htdocs\joe-cms\vendor\cakephp\cakephp\src\Http\Runner.php(65): Cake\Http\BaseApplication->__invoke(Object(Zend\Diactoros\ServerRequest), Object(Zend\Diactoros\Response), Object(Cake\Http\Runner))
#21 C:\xampp\htdocs\joe-cms\vendor\cakephp\cakephp\src\Routing\Middleware\RoutingMiddleware.php(62): Cake\Http\Runner->__invoke(Object(Zend\Diactoros\ServerRequest), Object(Zend\Diactoros\Response))
#22 C:\xampp\htdocs\joe-cms\vendor\cakephp\cakephp\src\Http\Runner.php(65): Cake\Routing\Middleware\RoutingMiddleware->__invoke(Object(Zend\Diactoros\ServerRequest), Object(Zend\Diactoros\Response), Object(Cake\Http\Runner))
#23 C:\xampp\htdocs\joe-cms\vendor\cakephp\cakephp\src\Routing\Middleware\AssetMiddleware.php(88): Cake\Http\Runner->__invoke(Object(Zend\Diactoros\ServerRequest), Object(Zend\Diactoros\Response))
#24 C:\xampp\htdocs\joe-cms\vendor\cakephp\cakephp\src\Http\Runner.php(65): Cake\Routing\Middleware\AssetMiddleware->__invoke(Object(Zend\Diactoros\ServerRequest), Object(Zend\Diactoros\Response), Object(Cake\Http\Runner))
#25 C:\xampp\htdocs\joe-cms\vendor\cakephp\cakephp\src\Error\Middleware\ErrorHandlerMiddleware.php(81): Cake\Http\Runner->__invoke(Object(Zend\Diactoros\ServerRequest), Object(Zend\Diactoros\Response))
#26 C:\xampp\htdocs\joe-cms\vendor\cakephp\cakephp\src\Http\Runner.php(65): Cake\Error\Middleware\ErrorHandlerMiddleware->__invoke(Object(Zend\Diactoros\ServerRequest), Object(Zend\Diactoros\Response), Object(Cake\Http\Runner))
#27 C:\xampp\htdocs\joe-cms\vendor\cakephp\cakephp\src\Http\Runner.php(51): Cake\Http\Runner->__invoke(Object(Zend\Diactoros\ServerRequest), Object(Zend\Diactoros\Response))
#28 C:\xampp\htdocs\joe-cms\vendor\cakephp\cakephp\src\Http\Server.php(92): Cake\Http\Runner->run(Object(Cake\Http\MiddlewareQueue), Object(Zend\Diactoros\ServerRequest), Object(Zend\Diactoros\Response))
#29 C:\xampp\htdocs\joe-cms\webroot\index.php(37): Cake\Http\Server->run()
#30 {main}


2016-12-11 23:13:35 Error: [Cake\Datasource\Exception\RecordNotFoundException] Record not found in table "categories"
Request URL: /projects
Referer URL: http://joerushton.com/
Stack Trace:
#0 /home/guitarpr/public_html/joerushton.com/vendor/cakephp/cakephp/src/ORM/Table.php(1225): Cake\ORM\Query->firstOrFail()
#1 [internal function]: Cake\ORM\Table->get(Array)
#2 /home/guitarpr/public_html/joerushton.com/vendor/cakephp/cakephp/src/ORM/Association.php(987): call_user_func_array(Array, Array)
#3 /home/guitarpr/public_html/joerushton.com/src/Controller/ProjectsController.php(40): Cake\ORM\Association->__call('get', Array)
#4 [internal function]: App\Controller\ProjectsController->index()
#5 /home/guitarpr/public_html/joerushton.com/vendor/cakephp/cakephp/src/Controller/Controller.php(435): call_user_func_array(Array, Array)
#6 /home/guitarpr/public_html/joerushton.com/vendor/cakephp/cakephp/src/Http/ActionDispatcher.php(122): Cake\Controller\Controller->invokeAction()
#7 /home/guitarpr/public_html/joerushton.com/vendor/cakephp/cakephp/src/Http/ActionDispatcher.php(96): Cake\Http\ActionDispatcher->_invoke(Object(App\Controller\ProjectsController))
#8 /home/guitarpr/public_html/joerushton.com/vendor/cakephp/cakephp/src/Http/BaseApplication.php(83): Cake\Http\ActionDispatcher->dispatch(Object(Cake\Network\Request), Object(Cake\Network\Response))
#9 /home/guitarpr/public_html/joerushton.com/vendor/cakephp/cakephp/src/Http/Runner.php(65): Cake\Http\BaseApplication->__invoke(Object(Zend\Diactoros\ServerRequest), Object(Zend\Diactoros\Response), Object(Cake\Http\Runner))
#10 /home/guitarpr/public_html/joerushton.com/vendor/cakephp/cakephp/src/Routing/Middleware/RoutingMiddleware.php(62): Cake\Http\Runner->__invoke(Object(Zend\Diactoros\ServerRequest), Object(Zend\Diactoros\Response))
#11 /home/guitarpr/public_html/joerushton.com/vendor/cakephp/cakephp/src/Http/Runner.php(65): Cake\Routing\Middleware\RoutingMiddleware->__invoke(Object(Zend\Diactoros\ServerRequest), Object(Zend\Diactoros\Response), Object(Cake\Http\Runner))
#12 /home/guitarpr/public_html/joerushton.com/vendor/cakephp/cakephp/src/Routing/Middleware/AssetMiddleware.php(88): Cake\Http\Runner->__invoke(Object(Zend\Diactoros\ServerRequest), Object(Zend\Diactoros\Response))
#13 /home/guitarpr/public_html/joerushton.com/vendor/cakephp/cakephp/src/Http/Runner.php(65): Cake\Routing\Middleware\AssetMiddleware->__invoke(Object(Zend\Diactoros\ServerRequest), Object(Zend\Diactoros\Response), Object(Cake\Http\Runner))
#14 /home/guitarpr/public_html/joerushton.com/vendor/cakephp/cakephp/src/Error/Middleware/ErrorHandlerMiddleware.php(81): Cake\Http\Runner->__invoke(Object(Zend\Diactoros\ServerRequest), Object(Zend\Diactoros\Response))
#15 /home/guitarpr/public_html/joerushton.com/vendor/cakephp/cakephp/src/Http/Runner.php(65): Cake\Error\Middleware\ErrorHandlerMiddleware->__invoke(Object(Zend\Diactoros\ServerRequest), Object(Zend\Diactoros\Response), Object(Cake\Http\Runner))
#16 /home/guitarpr/public_html/joerushton.com/vendor/cakephp/cakephp/src/Http/Runner.php(51): Cake\Http\Runner->__invoke(Object(Zend\Diactoros\ServerRequest), Object(Zend\Diactoros\Response))
#17 /home/guitarpr/public_html/joerushton.com/vendor/cakephp/cakephp/src/Http/Server.php(92): Cake\Http\Runner->run(Object(Cake\Http\MiddlewareQueue), Object(Zend\Diactoros\ServerRequest), Object(Zend\Diactoros\Response))
#18 /home/guitarpr/public_html/joerushton.com/webroot/index.php(37): Cake\Http\Server->run()
#19 {main}


2016-12-11 23:13:36 Error: [Cake\Routing\Exception\MissingControllerException] Controller class Favicon.ico could not be found.
Request URL: /favicon.ico
Referer URL: http://joerushton.com/projects
Stack Trace:
#0 /home/guitarpr/public_html/joerushton.com/vendor/cakephp/cakephp/src/Http/ControllerFactory.php(67): Cake\Http\ControllerFactory->missingController(Object(Cake\Network\Request))
#1 /home/guitarpr/public_html/joerushton.com/vendor/cakephp/cakephp/src/Http/ActionDispatcher.php(93): Cake\Http\ControllerFactory->create(Object(Cake\Network\Request), Object(Cake\Network\Response))
#2 /home/guitarpr/public_html/joerushton.com/vendor/cakephp/cakephp/src/Http/BaseApplication.php(83): Cake\Http\ActionDispatcher->dispatch(Object(Cake\Network\Request), Object(Cake\Network\Response))
#3 /home/guitarpr/public_html/joerushton.com/vendor/cakephp/cakephp/src/Http/Runner.php(65): Cake\Http\BaseApplication->__invoke(Object(Zend\Diactoros\ServerRequest), Object(Zend\Diactoros\Response), Object(Cake\Http\Runner))
#4 /home/guitarpr/public_html/joerushton.com/vendor/cakephp/cakephp/src/Routing/Middleware/RoutingMiddleware.php(62): Cake\Http\Runner->__invoke(Object(Zend\Diactoros\ServerRequest), Object(Zend\Diactoros\Response))
#5 /home/guitarpr/public_html/joerushton.com/vendor/cakephp/cakephp/src/Http/Runner.php(65): Cake\Routing\Middleware\RoutingMiddleware->__invoke(Object(Zend\Diactoros\ServerRequest), Object(Zend\Diactoros\Response), Object(Cake\Http\Runner))
#6 /home/guitarpr/public_html/joerushton.com/vendor/cakephp/cakephp/src/Routing/Middleware/AssetMiddleware.php(93): Cake\Http\Runner->__invoke(Object(Zend\Diactoros\ServerRequest), Object(Zend\Diactoros\Response))
#7 /home/guitarpr/public_html/joerushton.com/vendor/cakephp/cakephp/src/Http/Runner.php(65): Cake\Routing\Middleware\AssetMiddleware->__invoke(Object(Zend\Diactoros\ServerRequest), Object(Zend\Diactoros\Response), Object(Cake\Http\Runner))
#8 /home/guitarpr/public_html/joerushton.com/vendor/cakephp/cakephp/src/Error/Middleware/ErrorHandlerMiddleware.php(81): Cake\Http\Runner->__invoke(Object(Zend\Diactoros\ServerRequest), Object(Zend\Diactoros\Response))
#9 /home/guitarpr/public_html/joerushton.com/vendor/cakephp/cakephp/src/Http/Runner.php(65): Cake\Error\Middleware\ErrorHandlerMiddleware->__invoke(Object(Zend\Diactoros\ServerRequest), Object(Zend\Diactoros\Response), Object(Cake\Http\Runner))
#10 /home/guitarpr/public_html/joerushton.com/vendor/cakephp/cakephp/src/Http/Runner.php(51): Cake\Http\Runner->__invoke(Object(Zend\Diactoros\ServerRequest), Object(Zend\Diactoros\Response))
#11 /home/guitarpr/public_html/joerushton.com/vendor/cakephp/cakephp/src/Http/Server.php(92): Cake\Http\Runner->run(Object(Cake\Http\MiddlewareQueue), Object(Zend\Diactoros\ServerRequest), Object(Zend\Diactoros\Response))
#12 /home/guitarpr/public_html/joerushton.com/webroot/index.php(37): Cake\Http\Server->run()
#13 {main}


2016-12-11 23:17:19 Error: [Cake\View\Exception\MissingTemplateException] Template file "Projects/ajax/list_ajax.ctp" is missing.
Request URL: /projects/list_ajax
Referer URL: http://joerushton.com/projects
Stack Trace:
#0 /home/guitarpr/public_html/joerushton.com/vendor/dereuromark/cakephp-ajax/src/View/AjaxView.php(97): Cake\View\View->_getViewFileName('Projects/ajax/l...')
#1 /home/guitarpr/public_html/joerushton.com/vendor/cakephp/cakephp/src/Controller/Controller.php(617): Ajax\View\AjaxView->render(NULL, NULL)
#2 /home/guitarpr/public_html/joerushton.com/vendor/cakephp/cakephp/src/Http/ActionDispatcher.php(128): Cake\Controller\Controller->render()
#3 /home/guitarpr/public_html/joerushton.com/vendor/cakephp/cakephp/src/Http/ActionDispatcher.php(96): Cake\Http\ActionDispatcher->_invoke(Object(App\Controller\ProjectsController))
#4 /home/guitarpr/public_html/joerushton.com/vendor/cakephp/cakephp/src/Http/BaseApplication.php(83): Cake\Http\ActionDispatcher->dispatch(Object(Cake\Network\Request), Object(Cake\Network\Response))
#5 /home/guitarpr/public_html/joerushton.com/vendor/cakephp/cakephp/src/Http/Runner.php(65): Cake\Http\BaseApplication->__invoke(Object(Zend\Diactoros\ServerRequest), Object(Zend\Diactoros\Response), Object(Cake\Http\Runner))
#6 /home/guitarpr/public_html/joerushton.com/vendor/cakephp/cakephp/src/Routing/Middleware/RoutingMiddleware.php(62): Cake\Http\Runner->__invoke(Object(Zend\Diactoros\ServerRequest), Object(Zend\Diactoros\Response))
#7 /home/guitarpr/public_html/joerushton.com/vendor/cakephp/cakephp/src/Http/Runner.php(65): Cake\Routing\Middleware\RoutingMiddleware->__invoke(Object(Zend\Diactoros\ServerRequest), Object(Zend\Diactoros\Response), Object(Cake\Http\Runner))
#8 /home/guitarpr/public_html/joerushton.com/vendor/cakephp/cakephp/src/Routing/Middleware/AssetMiddleware.php(88): Cake\Http\Runner->__invoke(Object(Zend\Diactoros\ServerRequest), Object(Zend\Diactoros\Response))
#9 /home/guitarpr/public_html/joerushton.com/vendor/cakephp/cakephp/src/Http/Runner.php(65): Cake\Routing\Middleware\AssetMiddleware->__invoke(Object(Zend\Diactoros\ServerRequest), Object(Zend\Diactoros\Response), Object(Cake\Http\Runner))
#10 /home/guitarpr/public_html/joerushton.com/vendor/cakephp/cakephp/src/Error/Middleware/ErrorHandlerMiddleware.php(81): Cake\Http\Runner->__invoke(Object(Zend\Diactoros\ServerRequest), Object(Zend\Diactoros\Response))
#11 /home/guitarpr/public_html/joerushton.com/vendor/cakephp/cakephp/src/Http/Runner.php(65): Cake\Error\Middleware\ErrorHandlerMiddleware->__invoke(Object(Zend\Diactoros\ServerRequest), Object(Zend\Diactoros\Response), Object(Cake\Http\Runner))
#12 /home/guitarpr/public_html/joerushton.com/vendor/cakephp/cakephp/src/Http/Runner.php(51): Cake\Http\Runner->__invoke(Object(Zend\Diactoros\ServerRequest), Object(Zend\Diactoros\Response))
#13 /home/guitarpr/public_html/joerushton.com/vendor/cakephp/cakephp/src/Http/Server.php(92): Cake\Http\Runner->run(Object(Cake\Http\MiddlewareQueue), Object(Zend\Diactoros\ServerRequest), Object(Zend\Diactoros\Response))
#14 /home/guitarpr/public_html/joerushton.com/webroot/index.php(37): Cake\Http\Server->run()
#15 {main}


2016-12-11 23:19:46 Error: [Cake\View\Exception\MissingTemplateException] Template file "Projects/ajax/list_ajax.ctp" is missing.
Request URL: /projects/list_ajax
Referer URL: http://joerushton.com/projects
Stack Trace:
#0 /home/guitarpr/public_html/joerushton.com/vendor/dereuromark/cakephp-ajax/src/View/AjaxView.php(97): Cake\View\View->_getViewFileName('Projects/ajax/l...')
#1 /home/guitarpr/public_html/joerushton.com/vendor/cakephp/cakephp/src/Controller/Controller.php(617): Ajax\View\AjaxView->render(NULL, NULL)
#2 /home/guitarpr/public_html/joerushton.com/vendor/cakephp/cakephp/src/Http/ActionDispatcher.php(128): Cake\Controller\Controller->render()
#3 /home/guitarpr/public_html/joerushton.com/vendor/cakephp/cakephp/src/Http/ActionDispatcher.php(96): Cake\Http\ActionDispatcher->_invoke(Object(App\Controller\ProjectsController))
#4 /home/guitarpr/public_html/joerushton.com/vendor/cakephp/cakephp/src/Http/BaseApplication.php(83): Cake\Http\ActionDispatcher->dispatch(Object(Cake\Network\Request), Object(Cake\Network\Response))
#5 /home/guitarpr/public_html/joerushton.com/vendor/cakephp/cakephp/src/Http/Runner.php(65): Cake\Http\BaseApplication->__invoke(Object(Zend\Diactoros\ServerRequest), Object(Zend\Diactoros\Response), Object(Cake\Http\Runner))
#6 /home/guitarpr/public_html/joerushton.com/vendor/cakephp/cakephp/src/Routing/Middleware/RoutingMiddleware.php(62): Cake\Http\Runner->__invoke(Object(Zend\Diactoros\ServerRequest), Object(Zend\Diactoros\Response))
#7 /home/guitarpr/public_html/joerushton.com/vendor/cakephp/cakephp/src/Http/Runner.php(65): Cake\Routing\Middleware\RoutingMiddleware->__invoke(Object(Zend\Diactoros\ServerRequest), Object(Zend\Diactoros\Response), Object(Cake\Http\Runner))
#8 /home/guitarpr/public_html/joerushton.com/vendor/cakephp/cakephp/src/Routing/Middleware/AssetMiddleware.php(88): Cake\Http\Runner->__invoke(Object(Zend\Diactoros\ServerRequest), Object(Zend\Diactoros\Response))
#9 /home/guitarpr/public_html/joerushton.com/vendor/cakephp/cakephp/src/Http/Runner.php(65): Cake\Routing\Middleware\AssetMiddleware->__invoke(Object(Zend\Diactoros\ServerRequest), Object(Zend\Diactoros\Response), Object(Cake\Http\Runner))
#10 /home/guitarpr/public_html/joerushton.com/vendor/cakephp/cakephp/src/Error/Middleware/ErrorHandlerMiddleware.php(81): Cake\Http\Runner->__invoke(Object(Zend\Diactoros\ServerRequest), Object(Zend\Diactoros\Response))
#11 /home/guitarpr/public_html/joerushton.com/vendor/cakephp/cakephp/src/Http/Runner.php(65): Cake\Error\Middleware\ErrorHandlerMiddleware->__invoke(Object(Zend\Diactoros\ServerRequest), Object(Zend\Diactoros\Response), Object(Cake\Http\Runner))
#12 /home/guitarpr/public_html/joerushton.com/vendor/cakephp/cakephp/src/Http/Runner.php(51): Cake\Http\Runner->__invoke(Object(Zend\Diactoros\ServerRequest), Object(Zend\Diactoros\Response))
#13 /home/guitarpr/public_html/joerushton.com/vendor/cakephp/cakephp/src/Http/Server.php(92): Cake\Http\Runner->run(Object(Cake\Http\MiddlewareQueue), Object(Zend\Diactoros\ServerRequest), Object(Zend\Diactoros\Response))
#14 /home/guitarpr/public_html/joerushton.com/webroot/index.php(37): Cake\Http\Server->run()
#15 {main}


2016-12-11 23:19:48 Error: [Cake\View\Exception\MissingTemplateException] Template file "Projects/ajax/list_ajax.ctp" is missing.
Request URL: /projects/list_ajax
Referer URL: http://joerushton.com/projects
Stack Trace:
#0 /home/guitarpr/public_html/joerushton.com/vendor/dereuromark/cakephp-ajax/src/View/AjaxView.php(97): Cake\View\View->_getViewFileName('Projects/ajax/l...')
#1 /home/guitarpr/public_html/joerushton.com/vendor/cakephp/cakephp/src/Controller/Controller.php(617): Ajax\View\AjaxView->render(NULL, NULL)
#2 /home/guitarpr/public_html/joerushton.com/vendor/cakephp/cakephp/src/Http/ActionDispatcher.php(128): Cake\Controller\Controller->render()
#3 /home/guitarpr/public_html/joerushton.com/vendor/cakephp/cakephp/src/Http/ActionDispatcher.php(96): Cake\Http\ActionDispatcher->_invoke(Object(App\Controller\ProjectsController))
#4 /home/guitarpr/public_html/joerushton.com/vendor/cakephp/cakephp/src/Http/BaseApplication.php(83): Cake\Http\ActionDispatcher->dispatch(Object(Cake\Network\Request), Object(Cake\Network\Response))
#5 /home/guitarpr/public_html/joerushton.com/vendor/cakephp/cakephp/src/Http/Runner.php(65): Cake\Http\BaseApplication->__invoke(Object(Zend\Diactoros\ServerRequest), Object(Zend\Diactoros\Response), Object(Cake\Http\Runner))
#6 /home/guitarpr/public_html/joerushton.com/vendor/cakephp/cakephp/src/Routing/Middleware/RoutingMiddleware.php(62): Cake\Http\Runner->__invoke(Object(Zend\Diactoros\ServerRequest), Object(Zend\Diactoros\Response))
#7 /home/guitarpr/public_html/joerushton.com/vendor/cakephp/cakephp/src/Http/Runner.php(65): Cake\Routing\Middleware\RoutingMiddleware->__invoke(Object(Zend\Diactoros\ServerRequest), Object(Zend\Diactoros\Response), Object(Cake\Http\Runner))
#8 /home/guitarpr/public_html/joerushton.com/vendor/cakephp/cakephp/src/Routing/Middleware/AssetMiddleware.php(88): Cake\Http\Runner->__invoke(Object(Zend\Diactoros\ServerRequest), Object(Zend\Diactoros\Response))
#9 /home/guitarpr/public_html/joerushton.com/vendor/cakephp/cakephp/src/Http/Runner.php(65): Cake\Routing\Middleware\AssetMiddleware->__invoke(Object(Zend\Diactoros\ServerRequest), Object(Zend\Diactoros\Response), Object(Cake\Http\Runner))
#10 /home/guitarpr/public_html/joerushton.com/vendor/cakephp/cakephp/src/Error/Middleware/ErrorHandlerMiddleware.php(81): Cake\Http\Runner->__invoke(Object(Zend\Diactoros\ServerRequest), Object(Zend\Diactoros\Response))
#11 /home/guitarpr/public_html/joerushton.com/vendor/cakephp/cakephp/src/Http/Runner.php(65): Cake\Error\Middleware\ErrorHandlerMiddleware->__invoke(Object(Zend\Diactoros\ServerRequest), Object(Zend\Diactoros\Response), Object(Cake\Http\Runner))
#12 /home/guitarpr/public_html/joerushton.com/vendor/cakephp/cakephp/src/Http/Runner.php(51): Cake\Http\Runner->__invoke(Object(Zend\Diactoros\ServerRequest), Object(Zend\Diactoros\Response))
#13 /home/guitarpr/public_html/joerushton.com/vendor/cakephp/cakephp/src/Http/Server.php(92): Cake\Http\Runner->run(Object(Cake\Http\MiddlewareQueue), Object(Zend\Diactoros\ServerRequest), Object(Zend\Diactoros\Response))
#14 /home/guitarpr/public_html/joerushton.com/webroot/index.php(37): Cake\Http\Server->run()
#15 {main}


2016-12-11 23:21:26 Error: [BadMethodCallException] Unknown method "saveAll"
Request URL: /admin/projects/add
Referer URL: http://joerushton.com/admin/projects/add
Stack Trace:
#0 /home/guitarpr/public_html/joerushton.com/src/Controller/Admin/ProjectsController.php(63): Cake\ORM\Table->__call('saveAll', Array)
#1 [internal function]: App\Controller\Admin\ProjectsController->add()
#2 /home/guitarpr/public_html/joerushton.com/vendor/cakephp/cakephp/src/Controller/Controller.php(435): call_user_func_array(Array, Array)
#3 /home/guitarpr/public_html/joerushton.com/vendor/cakephp/cakephp/src/Http/ActionDispatcher.php(122): Cake\Controller\Controller->invokeAction()
#4 /home/guitarpr/public_html/joerushton.com/vendor/cakephp/cakephp/src/Http/ActionDispatcher.php(96): Cake\Http\ActionDispatcher->_invoke(Object(App\Controller\Admin\ProjectsController))
#5 /home/guitarpr/public_html/joerushton.com/vendor/cakephp/cakephp/src/Http/BaseApplication.php(83): Cake\Http\ActionDispatcher->dispatch(Object(Cake\Network\Request), Object(Cake\Network\Response))
#6 /home/guitarpr/public_html/joerushton.com/vendor/cakephp/cakephp/src/Http/Runner.php(65): Cake\Http\BaseApplication->__invoke(Object(Zend\Diactoros\ServerRequest), Object(Zend\Diactoros\Response), Object(Cake\Http\Runner))
#7 /home/guitarpr/public_html/joerushton.com/vendor/cakephp/cakephp/src/Routing/Middleware/RoutingMiddleware.php(62): Cake\Http\Runner->__invoke(Object(Zend\Diactoros\ServerRequest), Object(Zend\Diactoros\Response))
#8 /home/guitarpr/public_html/joerushton.com/vendor/cakephp/cakephp/src/Http/Runner.php(65): Cake\Routing\Middleware\RoutingMiddleware->__invoke(Object(Zend\Diactoros\ServerRequest), Object(Zend\Diactoros\Response), Object(Cake\Http\Runner))
#9 /home/guitarpr/public_html/joerushton.com/vendor/cakephp/cakephp/src/Routing/Middleware/AssetMiddleware.php(88): Cake\Http\Runner->__invoke(Object(Zend\Diactoros\ServerRequest), Object(Zend\Diactoros\Response))
#10 /home/guitarpr/public_html/joerushton.com/vendor/cakephp/cakephp/src/Http/Runner.php(65): Cake\Routing\Middleware\AssetMiddleware->__invoke(Object(Zend\Diactoros\ServerRequest), Object(Zend\Diactoros\Response), Object(Cake\Http\Runner))
#11 /home/guitarpr/public_html/joerushton.com/vendor/cakephp/cakephp/src/Error/Middleware/ErrorHandlerMiddleware.php(81): Cake\Http\Runner->__invoke(Object(Zend\Diactoros\ServerRequest), Object(Zend\Diactoros\Response))
#12 /home/guitarpr/public_html/joerushton.com/vendor/cakephp/cakephp/src/Http/Runner.php(65): Cake\Error\Middleware\ErrorHandlerMiddleware->__invoke(Object(Zend\Diactoros\ServerRequest), Object(Zend\Diactoros\Response), Object(Cake\Http\Runner))
#13 /home/guitarpr/public_html/joerushton.com/vendor/cakephp/cakephp/src/Http/Runner.php(51): Cake\Http\Runner->__invoke(Object(Zend\Diactoros\ServerRequest), Object(Zend\Diactoros\Response))
#14 /home/guitarpr/public_html/joerushton.com/vendor/cakephp/cakephp/src/Http/Server.php(92): Cake\Http\Runner->run(Object(Cake\Http\MiddlewareQueue), Object(Zend\Diactoros\ServerRequest), Object(Zend\Diactoros\Response))
#15 /home/guitarpr/public_html/joerushton.com/webroot/index.php(37): Cake\Http\Server->run()
#16 {main}


